2021-09-11 10:11:59,111 DEBUG    root            Loaded Command Group: ['gcloud', 'version']
2021-09-11 10:11:59,114 DEBUG    root            Running [gcloud.version] with arguments: [--format: "json"]
2021-09-11 10:11:59,158 INFO     root            Display format: "flattened[no-pad,separator=" "] json"
2021-09-11 10:11:59,158 INFO     ___FILE_ONLY___ {
  "Google Cloud SDK": "354.0.0",
  "alpha": "2021.08.20",
  "app-engine-go": "1.9.71",
  "app-engine-java": "1.9.91",
  "app-engine-python": "1.9.93",
  "app-engine-python-extras": "1.9.93",
  "beta": "2021.08.20",
  "bigtable": "",
  "bq": "2.0.71",
  "cbt": "0.10.1",
  "cloud-build-local": "0.5.2",
  "cloud-datastore-emulator": "2.1.0",
  "core": "2021.08.20",
  "datalab": "20190610",
  "gsutil": "4.67",
  "kind": "0.7.0",
  "kpt": "1.0.0-beta.1",
  "local-extract": "1.3.1",
  "minikube": "1.22.0",
  "pubsub-emulator": "0.5.0",
  "skaffold": "1.30.0"
}
2021-09-11 10:11:59,158 INFO     ___FILE_ONLY___ 

